Running: C:\Xilinx\14.7\ISE_DS\ISE\bin\nt64\unwrapped\fuse.exe -intstyle ise -incremental -lib secureip -o C:/Users/vener/Documents/Xilinx_Docs/TF_U10/TB_Multiplicador_4_Bits_isim_beh.exe -prj C:/Users/vener/Documents/Xilinx_Docs/TF_U10/TB_Multiplicador_4_Bits_beh.prj work.TB_Multiplicador_4_Bits 
ISim P.20131013 (signature 0x7708f090)
Number of CPUs detected in this system: 2
Turning on mult-threading, number of parallel sub-compilation jobs: 4 
Determining compilation order of HDL files
Parsing VHDL file "C:/Users/vener/Documents/Xilinx_Docs/TF_U10/Half_Adder.vhd" into library work
Parsing VHDL file "C:/Users/vener/Documents/Xilinx_Docs/TF_U10/Full_Adder.vhd" into library work
Parsing VHDL file "C:/Users/vener/Documents/Xilinx_Docs/TF_U10/Modulo2.vhd" into library work
Parsing VHDL file "C:/Users/vener/Documents/Xilinx_Docs/TF_U10/Modulo1.vhd" into library work
Parsing VHDL file "C:/Users/vener/Documents/Xilinx_Docs/TF_U10/Multiplicador_4_bits.vhd" into library work
Parsing VHDL file "C:/Users/vener/Documents/Xilinx_Docs/TF_U10/TB_Multiplicador_4_Bits.vhd" into library work
Starting static elaboration
Completed static elaboration
Compiling package standard
Compiling package std_logic_1164
Compiling package modulo1_package
Compiling package modulo2_package
Compiling package full_adder_package
Compiling package half_adder_package
Compiling architecture behavioral of entity Half_Adder [half_adder_default]
Compiling architecture behavioral of entity Full_Adder [full_adder_default]
Compiling architecture behavioral of entity Modulo1 [modulo1_default]
Compiling architecture behavioral of entity Modulo2 [modulo2_default]
Compiling architecture behavioral of entity Multiplicador_4_bits [multiplicador_4_bits_default]
Compiling architecture behavior of entity tb_multiplicador_4_bits
Time Resolution for simulation is 1ps.
Waiting for 11 sub-compilation(s) to finish...
Compiled 17 VHDL Units
Built simulation executable C:/Users/vener/Documents/Xilinx_Docs/TF_U10/TB_Multiplicador_4_Bits_isim_beh.exe
Fuse Memory Usage: 31068 KB
Fuse CPU Usage: 531 ms
