Command line:
   TB_L_10_6_isim_beh.exe
     -simmode  gui
     -simrunnum  0
     -socket  59753

Wed Feb 16 02:59:26 2022


 Elaboration Time: 0.015625 sec

 Current Memory Usage: 4995.63 Meg

 Total Signals          : 9
 Total Nets             : 16
 Total Signal Drivers   : 10
 Total Blocks           : 3
 Total Primitive Blocks : 2
 Total Processes        : 9
 Total Traceable Variables  : 8
 Total Scalar Nets and Variables : 376
Total Line Count : 18

 Total Simulation Time: 0.0625 sec

 Current Memory Usage: 4681.06 Meg

Wed Feb 16 03:03:43 2022

