Command line:
   TB_Multiplicador_2_Bits_isim_beh.exe
     -simmode  gui
     -simrunnum  0
     -socket  59846

Wed Feb 16 03:29:36 2022


 Elaboration Time: 0.015625 sec

 Current Memory Usage: 4995.58 Meg

 Total Signals          : 10
 Total Nets             : 13
 Total Signal Drivers   : 11
 Total Blocks           : 3
 Total Primitive Blocks : 2
 Total Processes        : 10
 Total Traceable Variables  : 8
 Total Scalar Nets and Variables : 373
Total Line Count : 28

 Total Simulation Time: 0.078125 sec

 Current Memory Usage: 4681.01 Meg

Wed Feb 16 03:33:00 2022

